Analysis & Synthesis report for partA
Mon Nov 24 13:34:10 2014
Quartus II 32-bit Version 13.0.1 Build 232 06/12/2013 Service Pack 1 SJ Web Edition


---------------------
; Table of Contents ;
---------------------
  1. Legal Notice
  2. Analysis & Synthesis Summary
  3. Analysis & Synthesis Settings
  4. Parallel Compilation
  5. Analysis & Synthesis Source Files Read
  6. Analysis & Synthesis Resource Usage Summary
  7. Analysis & Synthesis Resource Utilization by Entity
  8. Analysis & Synthesis RAM Summary
  9. Analysis & Synthesis IP Cores Summary
 10. State Machine - |partA|accControl:inst18|accController:inst1|state
 11. Registers Removed During Synthesis
 12. General Register Statistics
 13. Source assignments for TRISCRAMf14A:inst1|altsyncram:altsyncram_component|altsyncram_uqh1:auto_generated
 14. Parameter Settings for User Entity Instance: TRISCRAMf14A:inst1|altsyncram:altsyncram_component
 15. altsyncram Parameter Settings by Entity Instance
 16. Elapsed Time Per Partition
 17. Analysis & Synthesis Messages



----------------
; Legal Notice ;
----------------
Copyright (C) 1991-2013 Altera Corporation
Your use of Altera Corporation's design tools, logic functions 
and other software and tools, and its AMPP partner logic 
functions, and any output files from any of the foregoing 
(including device programming or simulation files), and any 
associated documentation or information are expressly subject 
to the terms and conditions of the Altera Program License 
Subscription Agreement, Altera MegaCore Function License 
Agreement, or other applicable license agreement, including, 
without limitation, that your use is for the sole purpose of 
programming logic devices manufactured by Altera and sold by 
Altera or its authorized distributors.  Please refer to the 
applicable agreement for further details.



+--------------------------------------------------------------------------------------+
; Analysis & Synthesis Summary                                                         ;
+------------------------------------+-------------------------------------------------+
; Analysis & Synthesis Status        ; Successful - Mon Nov 24 13:34:10 2014           ;
; Quartus II 32-bit Version          ; 13.0.1 Build 232 06/12/2013 SP 1 SJ Web Edition ;
; Revision Name                      ; partA                                           ;
; Top-level Entity Name              ; partA                                           ;
; Family                             ; Cyclone II                                      ;
; Total logic elements               ; 50                                              ;
;     Total combinational functions  ; 42                                              ;
;     Dedicated logic registers      ; 19                                              ;
; Total registers                    ; 19                                              ;
; Total pins                         ; 51                                              ;
; Total virtual pins                 ; 0                                               ;
; Total memory bits                  ; 64                                              ;
; Embedded Multiplier 9-bit elements ; 0                                               ;
; Total PLLs                         ; 0                                               ;
+------------------------------------+-------------------------------------------------+


+----------------------------------------------------------------------------------------------------------------------+
; Analysis & Synthesis Settings                                                                                        ;
+----------------------------------------------------------------------------+--------------------+--------------------+
; Option                                                                     ; Setting            ; Default Value      ;
+----------------------------------------------------------------------------+--------------------+--------------------+
; Device                                                                     ; EP2C20F484C7       ;                    ;
; Top-level entity name                                                      ; partA              ; partA              ;
; Family name                                                                ; Cyclone II         ; Cyclone IV GX      ;
; Use smart compilation                                                      ; Off                ; Off                ;
; Enable parallel Assembler and TimeQuest Timing Analyzer during compilation ; On                 ; On                 ;
; Enable compact report table                                                ; Off                ; Off                ;
; Restructure Multiplexers                                                   ; Auto               ; Auto               ;
; Create Debugging Nodes for IP Cores                                        ; Off                ; Off                ;
; Preserve fewer node names                                                  ; On                 ; On                 ;
; Disable OpenCore Plus hardware evaluation                                  ; Off                ; Off                ;
; Verilog Version                                                            ; Verilog_2001       ; Verilog_2001       ;
; VHDL Version                                                               ; VHDL_1993          ; VHDL_1993          ;
; State Machine Processing                                                   ; Auto               ; Auto               ;
; Safe State Machine                                                         ; Off                ; Off                ;
; Extract Verilog State Machines                                             ; On                 ; On                 ;
; Extract VHDL State Machines                                                ; On                 ; On                 ;
; Ignore Verilog initial constructs                                          ; Off                ; Off                ;
; Iteration limit for constant Verilog loops                                 ; 5000               ; 5000               ;
; Iteration limit for non-constant Verilog loops                             ; 250                ; 250                ;
; Add Pass-Through Logic to Inferred RAMs                                    ; On                 ; On                 ;
; Infer RAMs from Raw Logic                                                  ; On                 ; On                 ;
; Parallel Synthesis                                                         ; On                 ; On                 ;
; DSP Block Balancing                                                        ; Auto               ; Auto               ;
; NOT Gate Push-Back                                                         ; On                 ; On                 ;
; Power-Up Don't Care                                                        ; On                 ; On                 ;
; Remove Redundant Logic Cells                                               ; Off                ; Off                ;
; Remove Duplicate Registers                                                 ; On                 ; On                 ;
; Ignore CARRY Buffers                                                       ; Off                ; Off                ;
; Ignore CASCADE Buffers                                                     ; Off                ; Off                ;
; Ignore GLOBAL Buffers                                                      ; Off                ; Off                ;
; Ignore ROW GLOBAL Buffers                                                  ; Off                ; Off                ;
; Ignore LCELL Buffers                                                       ; Off                ; Off                ;
; Ignore SOFT Buffers                                                        ; On                 ; On                 ;
; Limit AHDL Integers to 32 Bits                                             ; Off                ; Off                ;
; Optimization Technique                                                     ; Balanced           ; Balanced           ;
; Carry Chain Length                                                         ; 70                 ; 70                 ;
; Auto Carry Chains                                                          ; On                 ; On                 ;
; Auto Open-Drain Pins                                                       ; On                 ; On                 ;
; Perform WYSIWYG Primitive Resynthesis                                      ; Off                ; Off                ;
; Auto ROM Replacement                                                       ; On                 ; On                 ;
; Auto RAM Replacement                                                       ; On                 ; On                 ;
; Auto Shift Register Replacement                                            ; Auto               ; Auto               ;
; Allow Shift Register Merging across Hierarchies                            ; Auto               ; Auto               ;
; Auto Clock Enable Replacement                                              ; On                 ; On                 ;
; Strict RAM Replacement                                                     ; Off                ; Off                ;
; Allow Synchronous Control Signals                                          ; On                 ; On                 ;
; Force Use of Synchronous Clear Signals                                     ; Off                ; Off                ;
; Auto RAM to Logic Cell Conversion                                          ; Off                ; Off                ;
; Auto Resource Sharing                                                      ; Off                ; Off                ;
; Allow Any RAM Size For Recognition                                         ; Off                ; Off                ;
; Allow Any ROM Size For Recognition                                         ; Off                ; Off                ;
; Allow Any Shift Register Size For Recognition                              ; Off                ; Off                ;
; Use LogicLock Constraints during Resource Balancing                        ; On                 ; On                 ;
; Ignore translate_off and synthesis_off directives                          ; Off                ; Off                ;
; Timing-Driven Synthesis                                                    ; Off                ; Off                ;
; Report Parameter Settings                                                  ; On                 ; On                 ;
; Report Source Assignments                                                  ; On                 ; On                 ;
; Report Connectivity Checks                                                 ; On                 ; On                 ;
; Ignore Maximum Fan-Out Assignments                                         ; Off                ; Off                ;
; Synchronization Register Chain Length                                      ; 2                  ; 2                  ;
; PowerPlay Power Optimization                                               ; Normal compilation ; Normal compilation ;
; HDL message level                                                          ; Level2             ; Level2             ;
; Suppress Register Optimization Related Messages                            ; Off                ; Off                ;
; Number of Removed Registers Reported in Synthesis Report                   ; 5000               ; 5000               ;
; Number of Swept Nodes Reported in Synthesis Report                         ; 5000               ; 5000               ;
; Number of Inverted Registers Reported in Synthesis Report                  ; 100                ; 100                ;
; Clock MUX Protection                                                       ; On                 ; On                 ;
; Auto Gated Clock Conversion                                                ; Off                ; Off                ;
; Block Design Naming                                                        ; Auto               ; Auto               ;
; SDC constraint protection                                                  ; Off                ; Off                ;
; Synthesis Effort                                                           ; Auto               ; Auto               ;
; Shift Register Replacement - Allow Asynchronous Clear Signal               ; On                 ; On                 ;
; Pre-Mapping Resynthesis Optimization                                       ; Off                ; Off                ;
; Analysis & Synthesis Message Level                                         ; Medium             ; Medium             ;
; Disable Register Merging Across Hierarchies                                ; Auto               ; Auto               ;
; Resource Aware Inference For Block RAM                                     ; On                 ; On                 ;
; Synthesis Seed                                                             ; 1                  ; 1                  ;
+----------------------------------------------------------------------------+--------------------+--------------------+


Parallel compilation was disabled, but you have multiple processors available. Enable parallel compilation to reduce compilation time.
+-------------------------------------+
; Parallel Compilation                ;
+----------------------------+--------+
; Processors                 ; Number ;
+----------------------------+--------+
; Number detected on machine ; 4      ;
; Maximum allowed            ; 1      ;
+----------------------------+--------+


+----------------------------------------------------------------------------------------------------------------------------------------------------------------------------------------------------------------------------+
; Analysis & Synthesis Source Files Read                                                                                                                                                                                     ;
+----------------------------------+-----------------+------------------------------------------+------------------------------------------------------------------------------------------------------------------+---------+
; File Name with User-Entered Path ; Used in Netlist ; File Type                                ; File Name with Absolute Path                                                                                     ; Library ;
+----------------------------------+-----------------+------------------------------------------+------------------------------------------------------------------------------------------------------------------+---------+
; ProgramCounter.bdf               ; yes             ; User Block Diagram/Schematic File        ; C:/Users/Scott/Google Drive/SchoolWork/UTA/2014Fall/CSE 2441/Projects/TRISCProject-PartA/ProgramCounter.bdf      ;         ;
; InstructionRegister.bdf          ; yes             ; User Block Diagram/Schematic File        ; C:/Users/Scott/Google Drive/SchoolWork/UTA/2014Fall/CSE 2441/Projects/TRISCProject-PartA/InstructionRegister.bdf ;         ;
; Accumulator.bdf                  ; yes             ; User Block Diagram/Schematic File        ; C:/Users/Scott/Google Drive/SchoolWork/UTA/2014Fall/CSE 2441/Projects/TRISCProject-PartA/Accumulator.bdf         ;         ;
; TRISCRAMf14A.v                   ; yes             ; User Wizard-Generated File               ; C:/Users/Scott/Google Drive/SchoolWork/UTA/2014Fall/CSE 2441/Projects/TRISCProject-PartA/TRISCRAMf14A.v          ;         ;
; opCodeDecoder.v                  ; yes             ; User Verilog HDL File                    ; C:/Users/Scott/Google Drive/SchoolWork/UTA/2014Fall/CSE 2441/Projects/TRISCProject-PartA/opCodeDecoder.v         ;         ;
; accController.v                  ; yes             ; User Verilog HDL File                    ; C:/Users/Scott/Google Drive/SchoolWork/UTA/2014Fall/CSE 2441/Projects/TRISCProject-PartA/accController.v         ;         ;
; partA.bdf                        ; yes             ; User Block Diagram/Schematic File        ; C:/Users/Scott/Google Drive/SchoolWork/UTA/2014Fall/CSE 2441/Projects/TRISCProject-PartA/partA.bdf               ;         ;
; 74157.bdf                        ; yes             ; Megafunction                             ; c:/altera/13.0sp1/quartus/libraries/others/maxplus2/74157.bdf                                                    ;         ;
; 74193.bdf                        ; yes             ; Megafunction                             ; c:/altera/13.0sp1/quartus/libraries/others/maxplus2/74193.bdf                                                    ;         ;
; acccontrol.bdf                   ; yes             ; Auto-Found Block Diagram/Schematic File  ; C:/Users/Scott/Google Drive/SchoolWork/UTA/2014Fall/CSE 2441/Projects/TRISCProject-PartA/acccontrol.bdf          ;         ;
; altsyncram.tdf                   ; yes             ; Megafunction                             ; c:/altera/13.0sp1/quartus/libraries/megafunctions/altsyncram.tdf                                                 ;         ;
; stratix_ram_block.inc            ; yes             ; Megafunction                             ; c:/altera/13.0sp1/quartus/libraries/megafunctions/stratix_ram_block.inc                                          ;         ;
; lpm_mux.inc                      ; yes             ; Megafunction                             ; c:/altera/13.0sp1/quartus/libraries/megafunctions/lpm_mux.inc                                                    ;         ;
; lpm_decode.inc                   ; yes             ; Megafunction                             ; c:/altera/13.0sp1/quartus/libraries/megafunctions/lpm_decode.inc                                                 ;         ;
; aglobal130.inc                   ; yes             ; Megafunction                             ; c:/altera/13.0sp1/quartus/libraries/megafunctions/aglobal130.inc                                                 ;         ;
; a_rdenreg.inc                    ; yes             ; Megafunction                             ; c:/altera/13.0sp1/quartus/libraries/megafunctions/a_rdenreg.inc                                                  ;         ;
; altrom.inc                       ; yes             ; Megafunction                             ; c:/altera/13.0sp1/quartus/libraries/megafunctions/altrom.inc                                                     ;         ;
; altram.inc                       ; yes             ; Megafunction                             ; c:/altera/13.0sp1/quartus/libraries/megafunctions/altram.inc                                                     ;         ;
; altdpram.inc                     ; yes             ; Megafunction                             ; c:/altera/13.0sp1/quartus/libraries/megafunctions/altdpram.inc                                                   ;         ;
; db/altsyncram_uqh1.tdf           ; yes             ; Auto-Generated Megafunction              ; C:/Users/Scott/Google Drive/SchoolWork/UTA/2014Fall/CSE 2441/Projects/TRISCProject-PartA/db/altsyncram_uqh1.tdf  ;         ;
; triscramf14a.hex                 ; yes             ; Auto-Found Memory Initialization File    ; C:/Users/Scott/Google Drive/SchoolWork/UTA/2014Fall/CSE 2441/Projects/TRISCProject-PartA/triscramf14a.hex        ;         ;
; fourtosev.v                      ; yes             ; Auto-Found Verilog HDL File              ; C:/Users/Scott/Google Drive/SchoolWork/UTA/2014Fall/CSE 2441/Projects/TRISCProject-PartA/fourtosev.v             ;         ;
+----------------------------------+-----------------+------------------------------------------+------------------------------------------------------------------------------------------------------------------+---------+


+-------------------------------------------------------------------------------+
; Analysis & Synthesis Resource Usage Summary                                   ;
+---------------------------------------------+---------------------------------+
; Resource                                    ; Usage                           ;
+---------------------------------------------+---------------------------------+
; Estimated Total logic elements              ; 50                              ;
;                                             ;                                 ;
; Total combinational functions               ; 42                              ;
; Logic element usage by number of LUT inputs ;                                 ;
;     -- 4 input functions                    ; 26                              ;
;     -- 3 input functions                    ; 3                               ;
;     -- <=2 input functions                  ; 13                              ;
;                                             ;                                 ;
; Logic elements by mode                      ;                                 ;
;     -- normal mode                          ; 42                              ;
;     -- arithmetic mode                      ; 0                               ;
;                                             ;                                 ;
; Total registers                             ; 19                              ;
;     -- Dedicated logic registers            ; 19                              ;
;     -- I/O registers                        ; 0                               ;
;                                             ;                                 ;
; I/O pins                                    ; 51                              ;
; Total memory bits                           ; 64                              ;
; Embedded Multiplier 9-bit elements          ; 0                               ;
; Maximum fan-out node                        ; ProgramCounter:PC|74193:inst|26 ;
; Maximum fan-out                             ; 17                              ;
; Total fan-out                               ; 254                             ;
; Average fan-out                             ; 2.19                            ;
+---------------------------------------------+---------------------------------+


+-----------------------------------------------------------------------------------------------------------------------------------------------------------------------------------------------------------------------------------------------------------------+
; Analysis & Synthesis Resource Utilization by Entity                                                                                                                                                                                                             ;
+-------------------------------------------+-------------------+--------------+-------------+--------------+---------+-----------+------+--------------+------------------------------------------------------------------------------------------+--------------+
; Compilation Hierarchy Node                ; LC Combinationals ; LC Registers ; Memory Bits ; DSP Elements ; DSP 9x9 ; DSP 18x18 ; Pins ; Virtual Pins ; Full Hierarchy Name                                                                      ; Library Name ;
+-------------------------------------------+-------------------+--------------+-------------+--------------+---------+-----------+------+--------------+------------------------------------------------------------------------------------------+--------------+
; |partA                                    ; 42 (2)            ; 19 (0)       ; 64          ; 0            ; 0       ; 0         ; 51   ; 0            ; |partA                                                                                   ; work         ;
;    |Accumulator:ACC|                      ; 7 (0)             ; 4 (0)        ; 0           ; 0            ; 0       ; 0         ; 0    ; 0            ; |partA|Accumulator:ACC                                                                   ; work         ;
;       |74193:inst2|                       ; 7 (7)             ; 4 (4)        ; 0           ; 0            ; 0       ; 0         ; 0    ; 0            ; |partA|Accumulator:ACC|74193:inst2                                                       ; work         ;
;    |InstructionRegister:inst19|           ; 0 (0)             ; 4 (4)        ; 0           ; 0            ; 0       ; 0         ; 0    ; 0            ; |partA|InstructionRegister:inst19                                                        ; work         ;
;    |ProgramCounter:PC|                    ; 7 (0)             ; 4 (0)        ; 0           ; 0            ; 0       ; 0         ; 0    ; 0            ; |partA|ProgramCounter:PC                                                                 ; work         ;
;       |74193:inst|                        ; 7 (7)             ; 4 (4)        ; 0           ; 0            ; 0       ; 0         ; 0    ; 0            ; |partA|ProgramCounter:PC|74193:inst                                                      ; work         ;
;    |TRISCRAMf14A:inst1|                   ; 0 (0)             ; 0 (0)        ; 64          ; 0            ; 0       ; 0         ; 0    ; 0            ; |partA|TRISCRAMf14A:inst1                                                                ; work         ;
;       |altsyncram:altsyncram_component|   ; 0 (0)             ; 0 (0)        ; 64          ; 0            ; 0       ; 0         ; 0    ; 0            ; |partA|TRISCRAMf14A:inst1|altsyncram:altsyncram_component                                ; work         ;
;          |altsyncram_uqh1:auto_generated| ; 0 (0)             ; 0 (0)        ; 64          ; 0            ; 0       ; 0         ; 0    ; 0            ; |partA|TRISCRAMf14A:inst1|altsyncram:altsyncram_component|altsyncram_uqh1:auto_generated ; work         ;
;    |accControl:inst18|                    ; 5 (0)             ; 7 (0)        ; 0           ; 0            ; 0       ; 0         ; 0    ; 0            ; |partA|accControl:inst18                                                                 ; work         ;
;       |accController:inst1|               ; 2 (2)             ; 7 (7)        ; 0           ; 0            ; 0       ; 0         ; 0    ; 0            ; |partA|accControl:inst18|accController:inst1                                             ; work         ;
;       |opCodeDecoder:inst|                ; 3 (3)             ; 0 (0)        ; 0           ; 0            ; 0       ; 0         ; 0    ; 0            ; |partA|accControl:inst18|opCodeDecoder:inst                                              ; work         ;
;    |fourtosev:MDoutHex7|                  ; 7 (7)             ; 0 (0)        ; 0           ; 0            ; 0       ; 0         ; 0    ; 0            ; |partA|fourtosev:MDoutHex7                                                               ; work         ;
;    |fourtosev:MDoutHex8|                  ; 7 (7)             ; 0 (0)        ; 0           ; 0            ; 0       ; 0         ; 0    ; 0            ; |partA|fourtosev:MDoutHex8                                                               ; work         ;
;    |fourtosev:MDoutHex|                   ; 7 (7)             ; 0 (0)        ; 0           ; 0            ; 0       ; 0         ; 0    ; 0            ; |partA|fourtosev:MDoutHex                                                                ; work         ;
+-------------------------------------------+-------------------+--------------+-------------+--------------+---------+-----------+------+--------------+------------------------------------------------------------------------------------------+--------------+
Note: For table entries with two numbers listed, the numbers in parentheses indicate the number of resources of the given type used by the specific entity alone. The numbers listed outside of parentheses indicate the total resources of the given type used by the specific entity and all of its sub-entities in the hierarchy.


+---------------------------------------------------------------------------------------------------------------------------------------------------------------------------------------------------------+
; Analysis & Synthesis RAM Summary                                                                                                                                                                        ;
+----------------------------------------------------------------------------------------------+------+-------------+--------------+--------------+--------------+--------------+------+------------------+
; Name                                                                                         ; Type ; Mode        ; Port A Depth ; Port A Width ; Port B Depth ; Port B Width ; Size ; MIF              ;
+----------------------------------------------------------------------------------------------+------+-------------+--------------+--------------+--------------+--------------+------+------------------+
; TRISCRAMf14A:inst1|altsyncram:altsyncram_component|altsyncram_uqh1:auto_generated|ALTSYNCRAM ; AUTO ; Single Port ; 16           ; 8            ; --           ; --           ; 128  ; TRISCRAMf14A.hex ;
+----------------------------------------------------------------------------------------------+------+-------------+--------------+--------------+--------------+--------------+------+------------------+


+-----------------------------------------------------------------------------------------------------------------------------------------------------------------------------------------------------+
; Analysis & Synthesis IP Cores Summary                                                                                                                                                               ;
+--------+--------------+---------+--------------+--------------+---------------------------+---------------------------------------------------------------------------------------------------------+
; Vendor ; IP Core Name ; Version ; Release Date ; License Type ; Entity Instance           ; IP Include File                                                                                         ;
+--------+--------------+---------+--------------+--------------+---------------------------+---------------------------------------------------------------------------------------------------------+
; Altera ; RAM: 1-PORT  ; N/A     ; N/A          ; N/A          ; |partA|TRISCRAMf14A:inst1 ; C:/Users/Scott/Google Drive/SchoolWork/UTA/2014Fall/CSE 2441/Projects/TRISCProject-PartA/TRISCRAMf14A.v ;
+--------+--------------+---------+--------------+--------------+---------------------------+---------------------------------------------------------------------------------------------------------+


Encoding Type:  One-Hot
+-----------------------------------------------------------------------------------------------------------+
; State Machine - |partA|accControl:inst18|accController:inst1|state                                        ;
+-----------+-----------+-----------+-----------+-----------+-----------+-----------+-----------+-----------+
; Name      ; state.111 ; state.110 ; state.101 ; state.100 ; state.011 ; state.010 ; state.001 ; state.000 ;
+-----------+-----------+-----------+-----------+-----------+-----------+-----------+-----------+-----------+
; state.000 ; 0         ; 0         ; 0         ; 0         ; 0         ; 0         ; 0         ; 0         ;
; state.001 ; 0         ; 0         ; 0         ; 0         ; 0         ; 0         ; 1         ; 1         ;
; state.010 ; 0         ; 0         ; 0         ; 0         ; 0         ; 1         ; 0         ; 1         ;
; state.011 ; 0         ; 0         ; 0         ; 0         ; 1         ; 0         ; 0         ; 1         ;
; state.100 ; 0         ; 0         ; 0         ; 1         ; 0         ; 0         ; 0         ; 1         ;
; state.101 ; 0         ; 0         ; 1         ; 0         ; 0         ; 0         ; 0         ; 1         ;
; state.110 ; 0         ; 1         ; 0         ; 0         ; 0         ; 0         ; 0         ; 1         ;
; state.111 ; 1         ; 0         ; 0         ; 0         ; 0         ; 0         ; 0         ; 1         ;
+-----------+-----------+-----------+-----------+-----------+-----------+-----------+-----------+-----------+


+------------------------------------------------------------------------------------------+
; Registers Removed During Synthesis                                                       ;
+-------------------------------------------------+----------------------------------------+
; Register name                                   ; Reason for Removal                     ;
+-------------------------------------------------+----------------------------------------+
; accControl:inst18|accController:inst1|state~5   ; Lost fanout                            ;
; accControl:inst18|accController:inst1|state~6   ; Lost fanout                            ;
; accControl:inst18|accController:inst1|state~7   ; Lost fanout                            ;
; accControl:inst18|accController:inst1|state.111 ; Stuck at GND due to stuck port data_in ;
; Total Number of Removed Registers = 4           ;                                        ;
+-------------------------------------------------+----------------------------------------+


+------------------------------------------------------+
; General Register Statistics                          ;
+----------------------------------------------+-------+
; Statistic                                    ; Value ;
+----------------------------------------------+-------+
; Total registers                              ; 19    ;
; Number of registers using Synchronous Clear  ; 0     ;
; Number of registers using Synchronous Load   ; 0     ;
; Number of registers using Asynchronous Clear ; 15    ;
; Number of registers using Asynchronous Load  ; 0     ;
; Number of registers using Clock Enable       ; 0     ;
; Number of registers using Preset             ; 0     ;
+----------------------------------------------+-------+


+----------------------------------------------------------------------------------------------------------+
; Source assignments for TRISCRAMf14A:inst1|altsyncram:altsyncram_component|altsyncram_uqh1:auto_generated ;
+---------------------------------+--------------------+------+--------------------------------------------+
; Assignment                      ; Value              ; From ; To                                         ;
+---------------------------------+--------------------+------+--------------------------------------------+
; OPTIMIZE_POWER_DURING_SYNTHESIS ; NORMAL_COMPILATION ; -    ; -                                          ;
+---------------------------------+--------------------+------+--------------------------------------------+


+-------------------------------------------------------------------------------------------------+
; Parameter Settings for User Entity Instance: TRISCRAMf14A:inst1|altsyncram:altsyncram_component ;
+------------------------------------+----------------------+-------------------------------------+
; Parameter Name                     ; Value                ; Type                                ;
+------------------------------------+----------------------+-------------------------------------+
; BYTE_SIZE_BLOCK                    ; 8                    ; Untyped                             ;
; AUTO_CARRY_CHAINS                  ; ON                   ; AUTO_CARRY                          ;
; IGNORE_CARRY_BUFFERS               ; OFF                  ; IGNORE_CARRY                        ;
; AUTO_CASCADE_CHAINS                ; ON                   ; AUTO_CASCADE                        ;
; IGNORE_CASCADE_BUFFERS             ; OFF                  ; IGNORE_CASCADE                      ;
; WIDTH_BYTEENA                      ; 1                    ; Untyped                             ;
; OPERATION_MODE                     ; SINGLE_PORT          ; Untyped                             ;
; WIDTH_A                            ; 8                    ; Signed Integer                      ;
; WIDTHAD_A                          ; 4                    ; Signed Integer                      ;
; NUMWORDS_A                         ; 16                   ; Signed Integer                      ;
; OUTDATA_REG_A                      ; CLOCK0               ; Untyped                             ;
; ADDRESS_ACLR_A                     ; NONE                 ; Untyped                             ;
; OUTDATA_ACLR_A                     ; NONE                 ; Untyped                             ;
; WRCONTROL_ACLR_A                   ; NONE                 ; Untyped                             ;
; INDATA_ACLR_A                      ; NONE                 ; Untyped                             ;
; BYTEENA_ACLR_A                     ; NONE                 ; Untyped                             ;
; WIDTH_B                            ; 1                    ; Untyped                             ;
; WIDTHAD_B                          ; 1                    ; Untyped                             ;
; NUMWORDS_B                         ; 1                    ; Untyped                             ;
; INDATA_REG_B                       ; CLOCK1               ; Untyped                             ;
; WRCONTROL_WRADDRESS_REG_B          ; CLOCK1               ; Untyped                             ;
; RDCONTROL_REG_B                    ; CLOCK1               ; Untyped                             ;
; ADDRESS_REG_B                      ; CLOCK1               ; Untyped                             ;
; OUTDATA_REG_B                      ; UNREGISTERED         ; Untyped                             ;
; BYTEENA_REG_B                      ; CLOCK1               ; Untyped                             ;
; INDATA_ACLR_B                      ; NONE                 ; Untyped                             ;
; WRCONTROL_ACLR_B                   ; NONE                 ; Untyped                             ;
; ADDRESS_ACLR_B                     ; NONE                 ; Untyped                             ;
; OUTDATA_ACLR_B                     ; NONE                 ; Untyped                             ;
; RDCONTROL_ACLR_B                   ; NONE                 ; Untyped                             ;
; BYTEENA_ACLR_B                     ; NONE                 ; Untyped                             ;
; WIDTH_BYTEENA_A                    ; 1                    ; Signed Integer                      ;
; WIDTH_BYTEENA_B                    ; 1                    ; Untyped                             ;
; RAM_BLOCK_TYPE                     ; AUTO                 ; Untyped                             ;
; BYTE_SIZE                          ; 8                    ; Untyped                             ;
; READ_DURING_WRITE_MODE_MIXED_PORTS ; DONT_CARE            ; Untyped                             ;
; READ_DURING_WRITE_MODE_PORT_A      ; NEW_DATA_NO_NBE_READ ; Untyped                             ;
; READ_DURING_WRITE_MODE_PORT_B      ; NEW_DATA_NO_NBE_READ ; Untyped                             ;
; INIT_FILE                          ; TRISCRAMf14A.hex     ; Untyped                             ;
; INIT_FILE_LAYOUT                   ; PORT_A               ; Untyped                             ;
; MAXIMUM_DEPTH                      ; 0                    ; Untyped                             ;
; CLOCK_ENABLE_INPUT_A               ; BYPASS               ; Untyped                             ;
; CLOCK_ENABLE_INPUT_B               ; NORMAL               ; Untyped                             ;
; CLOCK_ENABLE_OUTPUT_A              ; BYPASS               ; Untyped                             ;
; CLOCK_ENABLE_OUTPUT_B              ; NORMAL               ; Untyped                             ;
; CLOCK_ENABLE_CORE_A                ; USE_INPUT_CLKEN      ; Untyped                             ;
; CLOCK_ENABLE_CORE_B                ; USE_INPUT_CLKEN      ; Untyped                             ;
; ENABLE_ECC                         ; FALSE                ; Untyped                             ;
; ECC_PIPELINE_STAGE_ENABLED         ; FALSE                ; Untyped                             ;
; WIDTH_ECCSTATUS                    ; 3                    ; Untyped                             ;
; DEVICE_FAMILY                      ; Cyclone II           ; Untyped                             ;
; CBXI_PARAMETER                     ; altsyncram_uqh1      ; Untyped                             ;
+------------------------------------+----------------------+-------------------------------------+
Note: In order to hide this table in the UI and the text report file, please set the "Show Parameter Settings in Synthesis Report" option in "Analysis and Synthesis Settings -> More Settings" to "Off".


+------------------------------------------------------------------------------------------------+
; altsyncram Parameter Settings by Entity Instance                                               ;
+-------------------------------------------+----------------------------------------------------+
; Name                                      ; Value                                              ;
+-------------------------------------------+----------------------------------------------------+
; Number of entity instances                ; 1                                                  ;
; Entity Instance                           ; TRISCRAMf14A:inst1|altsyncram:altsyncram_component ;
;     -- OPERATION_MODE                     ; SINGLE_PORT                                        ;
;     -- WIDTH_A                            ; 8                                                  ;
;     -- NUMWORDS_A                         ; 16                                                 ;
;     -- OUTDATA_REG_A                      ; CLOCK0                                             ;
;     -- WIDTH_B                            ; 1                                                  ;
;     -- NUMWORDS_B                         ; 1                                                  ;
;     -- ADDRESS_REG_B                      ; CLOCK1                                             ;
;     -- OUTDATA_REG_B                      ; UNREGISTERED                                       ;
;     -- RAM_BLOCK_TYPE                     ; AUTO                                               ;
;     -- READ_DURING_WRITE_MODE_MIXED_PORTS ; DONT_CARE                                          ;
+-------------------------------------------+----------------------------------------------------+


+-------------------------------+
; Elapsed Time Per Partition    ;
+----------------+--------------+
; Partition Name ; Elapsed Time ;
+----------------+--------------+
; Top            ; 00:00:00     ;
+----------------+--------------+


+-------------------------------+
; Analysis & Synthesis Messages ;
+-------------------------------+
Info: *******************************************************************
Info: Running Quartus II 32-bit Analysis & Synthesis
    Info: Version 13.0.1 Build 232 06/12/2013 Service Pack 1 SJ Web Edition
    Info: Processing started: Mon Nov 24 13:34:08 2014
Info: Command: quartus_map --read_settings_files=on --write_settings_files=off partA -c partA
Warning (20028): Parallel compilation is not licensed and has been disabled
Info (12021): Found 1 design units, including 1 entities, in source file xorfour.bdf
    Info (12023): Found entity 1: xorfour
Info (12021): Found 1 design units, including 1 entities, in source file selector21.bdf
    Info (12023): Found entity 1: Selector21
Info (12021): Found 1 design units, including 1 entities, in source file quadselector21.bdf
    Info (12023): Found entity 1: QuadSelector21
Info (12021): Found 1 design units, including 1 entities, in source file programcounter.bdf
    Info (12023): Found entity 1: ProgramCounter
Info (12021): Found 1 design units, including 1 entities, in source file overflowdetect.bdf
    Info (12023): Found entity 1: overflowDetect
Info (12021): Found 1 design units, including 1 entities, in source file lab2adder.bdf
    Info (12023): Found entity 1: Lab2Adder
Info (12021): Found 1 design units, including 1 entities, in source file instructionregister.bdf
    Info (12023): Found entity 1: InstructionRegister
Info (12021): Found 1 design units, including 1 entities, in source file flagregister.bdf
    Info (12023): Found entity 1: FlagRegister
Info (12021): Found 1 design units, including 1 entities, in source file andfour.bdf
    Info (12023): Found entity 1: andfour
Info (12021): Found 1 design units, including 1 entities, in source file alu.bdf
    Info (12023): Found entity 1: alu
Info (12021): Found 1 design units, including 1 entities, in source file addersubovr.bdf
    Info (12023): Found entity 1: addersubovr
Info (12021): Found 1 design units, including 1 entities, in source file accumulator.bdf
    Info (12023): Found entity 1: Accumulator
Info (12021): Found 1 design units, including 1 entities, in source file triscramf14a.v
    Info (12023): Found entity 1: TRISCRAMf14A
Info (12021): Found 1 design units, including 1 entities, in source file opcodedecoder.v
    Info (12023): Found entity 1: opCodeDecoder
Info (12021): Found 1 design units, including 1 entities, in source file acccontroller.v
    Info (12023): Found entity 1: accController
Info (12021): Found 1 design units, including 1 entities, in source file parta.bdf
    Info (12023): Found entity 1: partA
Warning (10037): Verilog HDL or VHDL warning at accController.v(21): conditional expression evaluates to a constant
Warning (10037): Verilog HDL or VHDL warning at accController.v(27): conditional expression evaluates to a constant
Warning (10037): Verilog HDL or VHDL warning at accController.v(34): conditional expression evaluates to a constant
Warning (10037): Verilog HDL or VHDL warning at accController.v(40): conditional expression evaluates to a constant
Warning (10037): Verilog HDL or VHDL warning at accController.v(54): conditional expression evaluates to a constant
Warning (10037): Verilog HDL or VHDL warning at accController.v(60): conditional expression evaluates to a constant
Info (12127): Elaborating entity "partA" for the top level hierarchy
Warning (275011): Block or symbol "InstructionRegister" of instance "inst19" overlaps another block or symbol
Warning (275011): Block or symbol "GND" of instance "inst" overlaps another block or symbol
Info (12128): Elaborating entity "74157" for hierarchy "74157:MemAddSel"
Info (12130): Elaborated megafunction instantiation "74157:MemAddSel"
Info (12128): Elaborating entity "ProgramCounter" for hierarchy "ProgramCounter:PC"
Info (12128): Elaborating entity "74193" for hierarchy "ProgramCounter:PC|74193:inst"
Info (12130): Elaborated megafunction instantiation "ProgramCounter:PC|74193:inst"
Warning (12125): Using design file acccontrol.bdf, which is not specified as a design file for the current project, but contains definitions for 1 design units and 1 entities in project
    Info (12023): Found entity 1: accControl
Info (12128): Elaborating entity "accControl" for hierarchy "accControl:inst18"
Info (12128): Elaborating entity "accController" for hierarchy "accControl:inst18|accController:inst1"
Info (10264): Verilog HDL Case Statement information at accController.v(18): all case item expressions in this case statement are onehot
Info (12128): Elaborating entity "opCodeDecoder" for hierarchy "accControl:inst18|opCodeDecoder:inst"
Info (12128): Elaborating entity "InstructionRegister" for hierarchy "InstructionRegister:inst19"
Info (12128): Elaborating entity "TRISCRAMf14A" for hierarchy "TRISCRAMf14A:inst1"
Info (12128): Elaborating entity "altsyncram" for hierarchy "TRISCRAMf14A:inst1|altsyncram:altsyncram_component"
Info (12130): Elaborated megafunction instantiation "TRISCRAMf14A:inst1|altsyncram:altsyncram_component"
Info (12133): Instantiated megafunction "TRISCRAMf14A:inst1|altsyncram:altsyncram_component" with the following parameter:
    Info (12134): Parameter "clock_enable_input_a" = "BYPASS"
    Info (12134): Parameter "clock_enable_output_a" = "BYPASS"
    Info (12134): Parameter "init_file" = "TRISCRAMf14A.hex"
    Info (12134): Parameter "intended_device_family" = "Cyclone IV GX"
    Info (12134): Parameter "lpm_hint" = "ENABLE_RUNTIME_MOD=NO"
    Info (12134): Parameter "lpm_type" = "altsyncram"
    Info (12134): Parameter "numwords_a" = "16"
    Info (12134): Parameter "operation_mode" = "SINGLE_PORT"
    Info (12134): Parameter "outdata_aclr_a" = "NONE"
    Info (12134): Parameter "outdata_reg_a" = "CLOCK0"
    Info (12134): Parameter "power_up_uninitialized" = "FALSE"
    Info (12134): Parameter "read_during_write_mode_port_a" = "NEW_DATA_NO_NBE_READ"
    Info (12134): Parameter "widthad_a" = "4"
    Info (12134): Parameter "width_a" = "8"
    Info (12134): Parameter "width_byteena_a" = "1"
Info (12021): Found 1 design units, including 1 entities, in source file db/altsyncram_uqh1.tdf
    Info (12023): Found entity 1: altsyncram_uqh1
Info (12128): Elaborating entity "altsyncram_uqh1" for hierarchy "TRISCRAMf14A:inst1|altsyncram:altsyncram_component|altsyncram_uqh1:auto_generated"
Info (12128): Elaborating entity "Accumulator" for hierarchy "Accumulator:ACC"
Warning (12125): Using design file fourtosev.v, which is not specified as a design file for the current project, but contains definitions for 1 design units and 1 entities in project
    Info (12023): Found entity 1: fourtosev
Info (12128): Elaborating entity "fourtosev" for hierarchy "fourtosev:MDoutHex"
Warning (14284): Synthesized away the following node(s):
    Warning (14285): Synthesized away the following RAM node(s):
        Warning (14320): Synthesized away node "TRISCRAMf14A:inst1|altsyncram:altsyncram_component|altsyncram_uqh1:auto_generated|q_a[0]"
        Warning (14320): Synthesized away node "TRISCRAMf14A:inst1|altsyncram:altsyncram_component|altsyncram_uqh1:auto_generated|q_a[1]"
        Warning (14320): Synthesized away node "TRISCRAMf14A:inst1|altsyncram:altsyncram_component|altsyncram_uqh1:auto_generated|q_a[2]"
        Warning (14320): Synthesized away node "TRISCRAMf14A:inst1|altsyncram:altsyncram_component|altsyncram_uqh1:auto_generated|q_a[3]"
Warning (13044): Always-enabled tri-state buffer(s) removed
    Warning (13045): Converted the fanout from the always-enabled tri-state buffer "accControl:inst18|accController:inst1|C3" to the node "C3" into a wire
    Warning (13045): Converted the fanout from the always-enabled tri-state buffer "accControl:inst18|accController:inst1|C2" to the node "C2" into a wire
    Warning (13045): Converted the fanout from the always-enabled tri-state buffer "accControl:inst18|accController:inst1|C4" to the node "C4" into a wire
    Warning (13045): Converted the fanout from the always-enabled tri-state buffer "accControl:inst18|accController:inst1|C42" to the node "C42" into a wire
    Warning (13045): Converted the fanout from the always-enabled tri-state buffer "accControl:inst18|accController:inst1|C9" to the node "C9" into a wire
    Warning (13045): Converted the fanout from the always-enabled tri-state buffer "accControl:inst18|accController:inst1|C8" to the node "C8" into a wire
    Warning (13045): Converted the fanout from the always-enabled tri-state buffer "accControl:inst18|accController:inst1|C0" to the node "C0" into a wire
    Warning (13045): Converted the fanout from the always-enabled tri-state buffer "accControl:inst18|accController:inst1|C7" to the node "C7" into a wire
    Warning (13045): Converted the fanout from the always-enabled tri-state buffer "accControl:inst18|accController:inst1|C4" to the node "inst4" into a wire
    Warning (13045): Converted the fanout from the always-enabled tri-state buffer "accControl:inst18|accController:inst1|C42" to the node "inst4" into a wire
Warning (13046): Tri-state node(s) do not directly drive top-level pin(s)
    Warning (13047): Converted the fan-out from the tri-state buffer "accControl:inst18|accController:inst1|C2" to the node "ProgramCounter:PC|74193:inst|5" into an OR gate
    Warning (13047): Converted the fan-out from the tri-state buffer "accControl:inst18|accController:inst1|C9" to the node "Accumulator:ACC|74193:inst2|5" into an OR gate
    Warning (13047): Converted the fan-out from the tri-state buffer "accControl:inst18|accController:inst1|C8" to the node "Accumulator:ACC|74193:inst2|25" into an OR gate
    Warning (13047): Converted the fan-out from the tri-state buffer "accControl:inst18|accController:inst1|C0" to the node "ProgramCounter:PC|74193:inst|25" into an OR gate
    Warning (13047): Converted the fan-out from the tri-state buffer "accControl:inst18|accController:inst1|C7" to the node "InstructionRegister:inst19|inst" into an OR gate
Info (17049): 3 registers lost all their fanouts during netlist optimizations.
Info (16010): Generating hard_block partition "hard_block:auto_generated_inst"
    Info (16011): Adding 0 node(s), including 0 DDIO, 0 PLL, 0 transceiver and 0 LCELL
Info (21057): Implemented 105 device resources after synthesis - the final resource count might be different
    Info (21058): Implemented 2 input pins
    Info (21059): Implemented 49 output pins
    Info (21061): Implemented 50 logic cells
    Info (21064): Implemented 4 RAM segments
Info: Quartus II 32-bit Analysis & Synthesis was successful. 0 errors, 34 warnings
    Info: Peak virtual memory: 374 megabytes
    Info: Processing ended: Mon Nov 24 13:34:10 2014
    Info: Elapsed time: 00:00:02
    Info: Total CPU time (on all processors): 00:00:02


